<?xml version="1.0" encoding="UTF-8"?>
<!-- Generated by org.testng.reporters.JUnitReportReporter -->
<testsuite hostname="INTALP-105-AbhisekDasgupta" failures="0" tests="3" name="testcase.SubmitOrderTest" time="43.362" errors="0" timestamp="2022-09-27T16:36:12 IST" skipped="0">
  <testcase classname="testcase.SubmitOrderTest" name="SubmitOrderTest" time="18.448"/>
  <system-out/>
  <testcase classname="testcase.SubmitOrderTest" name="OrderHistoryTest" time="8.317"/>
  <system-out/>
  <testcase classname="testcase.SubmitOrderTest" name="SubmitOrderTest" time="16.597"/>
  <system-out/>
</testsuite> <!-- testcase.SubmitOrderTest -->
