<?xml version="1.0" encoding="UTF-8"?>
<!-- Generated by org.testng.reporters.JUnitReportReporter -->
<testsuite hostname="INTALP-105-AbhisekDasgupta" failures="0" tests="3" name="testcase.SubmitOrderTest" time="44.707" errors="0" timestamp="2022-09-28T13:00:26 IST" skipped="0">
  <testcase classname="testcase.SubmitOrderTest" name="SubmitOrderTest" time="19.945"/>
  <system-out/>
  <testcase classname="testcase.SubmitOrderTest" name="SubmitOrderTest" time="16.335"/>
  <system-out/>
  <testcase classname="testcase.SubmitOrderTest" name="OrderHistoryTest" time="8.427"/>
  <system-out/>
</testsuite> <!-- testcase.SubmitOrderTest -->
