<?xml version="1.0" encoding="UTF-8"?>
<!-- Generated by org.testng.reporters.JUnitReportReporter -->
<testsuite hostname="INTALP-105-AbhisekDasgupta" failures="0" tests="3" name="testcase.SubmitOrderTest" time="47.652" errors="0" timestamp="2022-09-28T11:02:02 IST" skipped="0">
  <testcase classname="testcase.SubmitOrderTest" name="OrderHistoryTest" time="10.054"/>
  <system-out/>
  <testcase classname="testcase.SubmitOrderTest" name="SubmitOrderTest" time="20.387"/>
  <system-out/>
  <testcase classname="testcase.SubmitOrderTest" name="SubmitOrderTest" time="17.211"/>
  <system-out/>
</testsuite> <!-- testcase.SubmitOrderTest -->
