<?xml version="1.0" encoding="UTF-8"?>
<!-- Generated by org.testng.reporters.JUnitReportReporter -->
<testsuite hostname="INTALP-105-AbhisekDasgupta" failures="0" tests="2" name="testcase.ErrorValidationsTest" time="27.499" errors="0" timestamp="2022-09-28T14:08:32 IST" skipped="0">
  <testcase classname="testcase.ErrorValidationsTest" name="ProductCatalogueErrorValidationTest" time="22.421"/>
  <system-out/>
  <testcase classname="testcase.ErrorValidationsTest" name="LoginErrorValidation" time="5.078"/>
  <system-out/>
</testsuite> <!-- testcase.ErrorValidationsTest -->
