<?xml version="1.0" encoding="UTF-8"?>
<!-- Generated by org.testng.reporters.JUnitReportReporter -->
<testsuite hostname="INTALP-105-AbhisekDasgupta" failures="0" tests="2" name="testcase.ErrorValidationsTest" time="26.181" errors="0" timestamp="2022-09-28T11:02:02 IST" skipped="0">
  <testcase classname="testcase.ErrorValidationsTest" name="ProductCatalogueErrorValidationTest" time="21.045"/>
  <system-out/>
  <testcase classname="testcase.ErrorValidationsTest" name="LoginErrorValidation" time="5.136"/>
  <system-out/>
</testsuite> <!-- testcase.ErrorValidationsTest -->
