<?xml version="1.0" encoding="UTF-8"?>
<!-- Generated by org.testng.reporters.JUnitReportReporter -->
<testsuite hostname="INTALP-105-AbhisekDasgupta" failures="0" tests="3" name="testcase.SubmitOrderTest" time="103.932" errors="0" timestamp="2022-10-20T20:45:47 IST" skipped="0">
  <testcase classname="testcase.SubmitOrderTest" name="OrderHistoryTest" time="32.583"/>
  <system-out/>
  <testcase classname="testcase.SubmitOrderTest" name="SubmitOrderTest" time="36.604"/>
  <system-out/>
  <testcase classname="testcase.SubmitOrderTest" name="SubmitOrderTest" time="34.745"/>
  <system-out/>
</testsuite> <!-- testcase.SubmitOrderTest -->
