<?xml version="1.0" encoding="UTF-8"?>
<!-- Generated by org.testng.reporters.JUnitReportReporter -->
<testsuite hostname="INTALP-105-AbhisekDasgupta" failures="0" tests="3" name="testcase.SubmitOrderTest" time="43.056" errors="0" timestamp="2022-09-23T13:54:26 IST" skipped="0">
  <testcase classname="testcase.SubmitOrderTest" name="SubmitOrderTest" time="17.460"/>
  <system-out/>
  <testcase classname="testcase.SubmitOrderTest" name="OrderHistoryTest" time="8.126"/>
  <system-out/>
  <testcase classname="testcase.SubmitOrderTest" name="SubmitOrderTest" time="17.470"/>
  <system-out/>
</testsuite> <!-- testcase.SubmitOrderTest -->
