<?xml version="1.0" encoding="UTF-8"?>
<!-- Generated by org.testng.reporters.JUnitReportReporter -->
<testsuite hostname="INTALP-105-AbhisekDasgupta" failures="0" tests="2" name="testcase.ErrorValidationsTest" time="26.952" errors="0" timestamp="2022-09-23T13:54:26 IST" skipped="0">
  <testcase classname="testcase.ErrorValidationsTest" name="ProductCatalogueErrorValidationTest" time="22.092"/>
  <system-out/>
  <testcase classname="testcase.ErrorValidationsTest" name="LoginErrorValidation" time="4.860"/>
  <system-out/>
</testsuite> <!-- testcase.ErrorValidationsTest -->
