<?xml version="1.0" encoding="UTF-8"?>
<!-- Generated by org.testng.reporters.JUnitReportReporter -->
<testsuite hostname="INTALP-105-AbhisekDasgupta" failures="0" tests="2" name="tests.SubmitOrderTest" time="24.176" errors="0" timestamp="2022-09-21T14:00:08 IST" skipped="0">
  <testcase classname="tests.SubmitOrderTest" name="OrderHistoryTest" time="8.084"/>
  <system-out/>
  <testcase classname="tests.SubmitOrderTest" name="SubmitOrderTest" time="16.092"/>
  <system-out/>
</testsuite> <!-- tests.SubmitOrderTest -->
