<?xml version="1.0" encoding="UTF-8"?>
<!-- Generated by org.testng.reporters.JUnitReportReporter -->
<testsuite hostname="INTALP-105-AbhisekDasgupta" failures="0" tests="2" name="SeleniumEndToEnd.tests.ErrorValidations" time="18.551" errors="0" timestamp="2022-09-15T15:06:58 IST" skipped="0">
  <testcase classname="SeleniumEndToEnd.tests.ErrorValidations" name="LoginErrorValidation" time="3.520"/>
  <system-out/>
  <testcase classname="SeleniumEndToEnd.tests.ErrorValidations" name="ProductCatalogueErrorValidation" time="15.031"/>
  <system-out/>
</testsuite> <!-- SeleniumEndToEnd.tests.ErrorValidations -->
