<?xml version="1.0" encoding="UTF-8"?>
<!-- Generated by org.testng.reporters.JUnitReportReporter -->
<testsuite hostname="INTALP-105-AbhisekDasgupta" failures="0" tests="2" name="SeleniumEndToEnd.tests.ErrorValidationsTest" time="28.368" errors="0" timestamp="2022-09-21T12:16:15 IST" skipped="0">
  <testcase classname="SeleniumEndToEnd.tests.ErrorValidationsTest" name="ProductCatalogueErrorValidationTest" time="22.515"/>
  <system-out/>
  <testcase classname="SeleniumEndToEnd.tests.ErrorValidationsTest" name="LoginErrorValidation" time="5.853"/>
  <system-out/>
</testsuite> <!-- SeleniumEndToEnd.tests.ErrorValidationsTest -->
