<?xml version="1.0" encoding="UTF-8"?>
<!-- Generated by org.testng.reporters.JUnitReportReporter -->
<testsuite hostname="INTALP-105-AbhisekDasgupta" failures="0" tests="3" name="testcase.SubmitOrderTest" time="48.602" errors="0" timestamp="2022-09-28T18:42:18 IST" skipped="0">
  <testcase classname="testcase.SubmitOrderTest" name="SubmitOrderTest" time="19.414"/>
  <system-out/>
  <testcase classname="testcase.SubmitOrderTest" name="SubmitOrderTest" time="19.182"/>
  <system-out/>
  <testcase classname="testcase.SubmitOrderTest" name="OrderHistoryTest" time="10.006"/>
  <system-out/>
</testsuite> <!-- testcase.SubmitOrderTest -->
